[debug] [2023-01-28T09:25:53.308Z] ----------------------------------------------------------------------
[debug] [2023-01-28T09:25:53.311Z] Command:       C:\Program Files\nodejs\node.exe C:\Users\Patole\AppData\Roaming\npm\node_modules\firebase-tools\lib\bin\firebase.js init
[debug] [2023-01-28T09:25:53.311Z] CLI Version:   11.21.0
[debug] [2023-01-28T09:25:53.311Z] Platform:      win32
[debug] [2023-01-28T09:25:53.311Z] Node Version:  v19.0.0
[debug] [2023-01-28T09:25:53.311Z] Time:          Sat Jan 28 2023 14:55:53 GMT+0530 (India Standard Time)
[debug] [2023-01-28T09:25:53.312Z] ----------------------------------------------------------------------
[debug] 
[debug] [2023-01-28T09:25:53.318Z] > command requires scopes: ["email","openid","https://www.googleapis.com/auth/cloudplatformprojects.readonly","https://www.googleapis.com/auth/firebase","https://www.googleapis.com/auth/cloud-platform"]
[debug] [2023-01-28T09:25:53.319Z] > authorizing via signed-in user (omkarpatole1799@gmail.com)
[info] 
     ######## #### ########  ######## ########     ###     ######  ########
     ##        ##  ##     ## ##       ##     ##  ##   ##  ##       ##
     ######    ##  ########  ######   ########  #########  ######  ######
     ##        ##  ##    ##  ##       ##     ## ##     ##       ## ##
     ##       #### ##     ## ######## ########  ##     ##  ######  ########

You're about to initialize a Firebase project in this directory:

  C:\code\JavaScript\JavaScript-Mini-Projects\Dice-game

Before we get started, keep in mind:

  * You are currently outside your home directory

